<?xml version="1.0" encoding="UTF-8"?>
<!-- Generated by org.testng.reporters.JUnitXMLReporter -->
<testsuite ignored="0" hostname="MSI" failures="0" tests="2" name="Default test" time="39.853" errors="0" timestamp="2024-08-02T19:15:31 IST">
  <testcase classname="com.orangehrm.testcases.AddToCartTestCases" name="AddToCartWithQuantityZero_TC01" time="2.543"/>
  <testcase classname="com.orangehrm.testcases.AddToCartTestCases" name="AddToCartWithQuantity2_TC02" time="24.167"/>
</testsuite> <!-- Default test -->
