<?xml version="1.0" encoding="UTF-8"?>
<!-- Generated by org.testng.reporters.JUnitXMLReporter -->
<testsuite ignored="1" hostname="MSI" failures="1" tests="1" name="Test" time="48.115" errors="0" timestamp="2024-08-07T19:52:14 IST">
  <testcase classname="com.orangehrm.testcases.AddToCartTestCases" name="AddToCartWithQuantityZero_TC01" time="41.253">
    <failure type="junit.framework.AssertionFailedError">
      <![CDATA[junit.framework.AssertionFailedError
at junit.framework.Assert.fail(Assert.java:47)
at junit.framework.Assert.fail(Assert.java:53)
at com.orangehrm.commands.Commands.Click(Commands.java:32)
at com.orangehrm.pages.AddToCart.AddToCartWithQuantityZero(AddToCart.java:41)
at com.orangehrm.testcases.AddToCartTestCases.AddToCartWithQuantityZero_TC01(AddToCartTestCases.java:14)
at java.base/java.util.ArrayList.forEach(ArrayList.java:1541)
... Removed 30 stack frames]]>
    </failure>
  </testcase> <!-- AddToCartWithQuantityZero_TC01 -->
  <testcase classname="com.orangehrm.testcases.AddToCartTestCases" name="AddToCartWithQuantity2_TC02" time="0.0">
    <ignored/>
  </testcase> <!-- AddToCartWithQuantity2_TC02 -->
</testsuite> <!-- Test -->
