<?xml version="1.0" encoding="UTF-8"?>
<testsuite xmlns:xsi="http://www.w3.org/2001/XMLSchema-instance" xsi:schemaLocation="https://maven.apache.org/surefire/maven-surefire-plugin/xsd/surefire-test-report.xsd" name="TestSuite" time="68.052" tests="2" errors="0" skipped="0" failures="0">
  <properties>
[...]
</properties>
  <testcase name="AddToCartWithQuantityZero_TC01" classname="com.orangehrm.testcases.AddToCartTestCases" time="2.291"/>
  <testcase name="AddToCartWithQuantity2_TC02" classname="com.orangehrm.testcases.AddToCartTestCases" time="27.776"/>
</testsuite>