<?xml version="1.0" encoding="UTF-8"?>
<testng-results ignored="0" total="2" passed="2" failed="0" skipped="0">
  <reporter-output>
  </reporter-output>
  <suite started-at="2024-08-11T12:26:43 IST" name="Suite" finished-at="2024-08-11T12:27:50 IST" duration-ms="66380">
    <groups>
      <group name="regression">
        <method signature="AddToCartTestCases.AddToCartWithQuantityZero_TC01(java.lang.String,java.lang.String,java.lang.String,java.lang.String)[pri:1, instance:com.orangehrm.testcases.AddToCartTestCases@1a4013]" name="AddToCartWithQuantityZero_TC01" class="com.orangehrm.testcases.AddToCartTestCases"/>
      </group> <!-- regression -->
      <group name="smoke">
        <method signature="AddToCartTestCases.AddToCartWithQuantityZero_TC01(java.lang.String,java.lang.String,java.lang.String,java.lang.String)[pri:1, instance:com.orangehrm.testcases.AddToCartTestCases@1a4013]" name="AddToCartWithQuantityZero_TC01" class="com.orangehrm.testcases.AddToCartTestCases"/>
        <method signature="AddToCartTestCases.AddToCartWithQuantity2_TC02()[pri:2, instance:com.orangehrm.testcases.AddToCartTestCases@1a4013]" name="AddToCartWithQuantity2_TC02" class="com.orangehrm.testcases.AddToCartTestCases"/>
      </group> <!-- smoke -->
    </groups>
    <test started-at="2024-08-11T12:26:43 IST" name="Test" finished-at="2024-08-11T12:27:50 IST" duration-ms="66380">
      <class name="com.orangehrm.testcases.AddToCartTestCases">
        <test-method is-config="true" signature="StartReport()[pri:0, instance:com.orangehrm.testcases.AddToCartTestCases@1a4013]" started-at="2024-08-11T12:26:43 IST" name="StartReport" finished-at="2024-08-11T12:26:43 IST" duration-ms="233" status="PASS">
          <reporter-output>
          </reporter-output>
        </test-method> <!-- StartReport -->
        <test-method is-config="true" signature="setUp()[pri:0, instance:com.orangehrm.testcases.AddToCartTestCases@1a4013]" started-at="2024-08-11T12:26:44 IST" name="setUp" finished-at="2024-08-11T12:26:48 IST" duration-ms="4299" status="PASS">
          <reporter-output>
          </reporter-output>
        </test-method> <!-- setUp -->
        <test-method signature="AddToCartWithQuantityZero_TC01(java.lang.String,java.lang.String,java.lang.String,java.lang.String)[pri:1, instance:com.orangehrm.testcases.AddToCartTestCases@1a4013]" started-at="2024-08-11T12:26:48 IST" name="AddToCartWithQuantityZero_TC01" data-provider="AddToCartWithQuantityZeroTC01_TestData" finished-at="2024-08-11T12:26:51 IST" duration-ms="2290" status="PASS">
          <params>
            <param index="0">
              <value>
                <![CDATA[mac]]>
              </value>
            </param>
            <param index="1">
              <value>
                <![CDATA[iMac]]>
              </value>
            </param>
            <param index="2">
              <value>
                <![CDATA[2]]>
              </value>
            </param>
            <param index="3">
              <value>
                <![CDATA[Your shopping cart is empty!]]>
              </value>
            </param>
          </params>
          <reporter-output>
          </reporter-output>
        </test-method> <!-- AddToCartWithQuantityZero_TC01 -->
        <test-method is-config="true" signature="tearDown(org.testng.ITestResult)[pri:0, instance:com.orangehrm.testcases.AddToCartTestCases@1a4013]" started-at="2024-08-11T12:26:51 IST" name="tearDown" finished-at="2024-08-11T12:26:51 IST" duration-ms="208" status="PASS">
          <params>
            <param index="0">
              <value>
                <![CDATA[[TestResult name=AddToCartWithQuantityZero_TC01 status=SUCCESS method=AddToCartTestCases.AddToCartWithQuantityZero_TC01(java.lang.String,java.lang.String,java.lang.String,java.lang.String)[pri:1, instance:com.orangehrm.testcases.AddToCartTestCases@1a4013] output={null}]]]>
              </value>
            </param>
          </params>
          <reporter-output>
          </reporter-output>
        </test-method> <!-- tearDown -->
        <test-method is-config="true" signature="setUp()[pri:0, instance:com.orangehrm.testcases.AddToCartTestCases@1a4013]" started-at="2024-08-11T12:26:51 IST" name="setUp" finished-at="2024-08-11T12:27:22 IST" duration-ms="30549" status="PASS">
          <reporter-output>
          </reporter-output>
        </test-method> <!-- setUp -->
        <test-method signature="AddToCartWithQuantity2_TC02()[pri:2, instance:com.orangehrm.testcases.AddToCartTestCases@1a4013]" started-at="2024-08-11T12:27:22 IST" name="AddToCartWithQuantity2_TC02" finished-at="2024-08-11T12:27:49 IST" duration-ms="27777" status="PASS">
          <reporter-output>
          </reporter-output>
        </test-method> <!-- AddToCartWithQuantity2_TC02 -->
        <test-method is-config="true" signature="tearDown(org.testng.ITestResult)[pri:0, instance:com.orangehrm.testcases.AddToCartTestCases@1a4013]" started-at="2024-08-11T12:27:49 IST" name="tearDown" finished-at="2024-08-11T12:27:50 IST" duration-ms="391" status="PASS">
          <params>
            <param index="0">
              <value>
                <![CDATA[[TestResult name=AddToCartWithQuantity2_TC02 status=SUCCESS method=AddToCartTestCases.AddToCartWithQuantity2_TC02()[pri:2, instance:com.orangehrm.testcases.AddToCartTestCases@1a4013] output={null}]]]>
              </value>
            </param>
          </params>
          <reporter-output>
          </reporter-output>
        </test-method> <!-- tearDown -->
        <test-method is-config="true" signature="EndReport()[pri:0, instance:com.orangehrm.testcases.AddToCartTestCases@1a4013]" started-at="2024-08-11T12:27:50 IST" name="EndReport" finished-at="2024-08-11T12:27:50 IST" duration-ms="614" status="PASS">
          <reporter-output>
          </reporter-output>
        </test-method> <!-- EndReport -->
      </class> <!-- com.orangehrm.testcases.AddToCartTestCases -->
    </test> <!-- Test -->
  </suite> <!-- Suite -->
</testng-results>
