-------------------------------------------------------------------------------
Test set: TestSuite
-------------------------------------------------------------------------------
Tests run: 1, Failures: 1, Errors: 0, Skipped: 0, Time elapsed: 49.461 sec <<< FAILURE! - in TestSuite
AddToCartWithQuantityZero_TC01(com.orangehrm.testcases.AddToCartTestCases)  Time elapsed: 41.26 sec  <<< FAILURE!
junit.framework.AssertionFailedError
	at com.orangehrm.testcases.AddToCartTestCases.AddToCartWithQuantityZero_TC01(AddToCartTestCases.java:14)

