<?xml version="1.0" encoding="UTF-8"?>
<testsuite xmlns:xsi="http://www.w3.org/2001/XMLSchema-instance" xsi:schemaLocation="https://maven.apache.org/surefire/maven-surefire-plugin/xsd/surefire-test-report.xsd" name="TestSuite" time="49.461" tests="1" errors="0" skipped="0" failures="1">
  <properties>
[...]
</properties>
  <testcase name="AddToCartWithQuantityZero_TC01" classname="com.orangehrm.testcases.AddToCartTestCases" time="41.26">
    <failure type="junit.framework.AssertionFailedError">junit.framework.AssertionFailedError
	at com.orangehrm.testcases.AddToCartTestCases.AddToCartWithQuantityZero_TC01(AddToCartTestCases.java:14)
</failure>
    <system-out><![CDATA[row :0col:0 mac
row :0col:1 iMac
row :0col:2 2
row :0col:3 Your shopping cart is empty!
2024-08-07 19:51:32,930 [main] [INFO ] rootLogger:42:Commands.java - Entered the value mac in By.name: search
2024-08-07 19:51:33,477 [main] [INFO ] rootLogger:27:Commands.java - Click is passed on:  By.xpath: //div[@id='search']//span
2024-08-07 19:52:14,046 [main] [ERROR] rootLogger:30:Commands.java - Click is failed :  By.xpath: //a[text()='iMac']
2024-08-07 19:52:14,048 [main] [ERROR] rootLogger:31:Commands.java - element not interactable
  (Session info: chrome=127.0.6533.89)
Build info: version: '4.18.1', revision: 'b1d3319b48'
System info: os.name: 'Windows 11', os.arch: 'amd64', os.version: '10.0', java.version: '11.0.20'
Driver info: org.openqa.selenium.chrome.ChromeDriver
Command: [ea84272eb4b3d5db040fa41c9351f106, clickElement {id=f.CA7E6873BAB35C0F7C10EC697FCA8C45.d.8A15CF93649B33B75C1AF9E5DB296E5E.e.133}]
Capabilities {acceptInsecureCerts: false, browserName: chrome, browserVersion: 127.0.6533.89, chrome: {chromedriverVersion: 127.0.6533.99 (f31af5097d90..., userDataDir: C:\Windows\SystemTemp\scope...}, fedcm:accounts: true, goog:chromeOptions: {debuggerAddress: localhost:54690}, networkConnectionEnabled: false, pageLoadStrategy: normal, platformName: windows, proxy: Proxy(), se:cdp: ws://localhost:54690/devtoo..., se:cdpVersion: 127.0.6533.89, setWindowRect: true, strictFileInteractability: false, timeouts: {implicit: 0, pageLoad: 300000, script: 30000}, unhandledPromptBehavior: dismiss and notify, webauthn:extension:credBlob: true, webauthn:extension:largeBlob: true, webauthn:extension:minPinLength: true, webauthn:extension:prf: true, webauthn:virtualAuthenticators: true}
Element: [[ChromeDriver: chrome on windows (ea84272eb4b3d5db040fa41c9351f106)] -> xpath: //a[text()='iMac']]
Session ID: ea84272eb4b3d5db040fa41c9351f106
]]></system-out>
    <system-err><![CDATA[SLF4J: Failed to load class "org.slf4j.impl.StaticLoggerBinder".
SLF4J: Defaulting to no-operation (NOP) logger implementation
SLF4J: See http://www.slf4j.org/codes.html#StaticLoggerBinder for further details.
Aug 07, 2024 7:51:29 PM org.openqa.selenium.devtools.CdpVersionFinder findNearestMatch
WARNING: Unable to find CDP implementation matching 127
Aug 07, 2024 7:51:29 PM org.openqa.selenium.chromium.ChromiumDriver lambda$new$5
WARNING: Unable to find version of CDP to use for 127.0.6533.89. You may need to include a dependency on a specific version of the CDP using something similar to `org.seleniumhq.selenium:selenium-devtools-v86:4.18.1` where the version ("v86") matches the version of the chromium-based browser you're using and the version number of the artifact is the same as Selenium's.
]]></system-err>
  </testcase>
</testsuite>